<?xml version="1.0" encoding="UTF-8"?>
<testng-results ignored="0" total="1" passed="1" failed="0" skipped="0">
  <reporter-output>
  </reporter-output>
  <suite started-at="2022-08-02T12:04:28 IST" name="Default suite" finished-at="2022-08-02T12:04:34 IST" duration-ms="5938">
    <groups>
    </groups>
    <test started-at="2022-08-02T12:04:28 IST" name="Default test" finished-at="2022-08-02T12:04:34 IST" duration-ms="5938">
      <class name="com.facebook.FacebookTest">
        <test-method signature="fbTest()[pri:0, instance:com.facebook.FacebookTest@52719fb6]" started-at="2022-08-02T12:04:28 IST" name="fbTest" finished-at="2022-08-02T12:04:34 IST" duration-ms="5890" status="PASS">
          <reporter-output>
          </reporter-output>
        </test-method> <!-- fbTest -->
      </class> <!-- com.facebook.FacebookTest -->
    </test> <!-- Default test -->
  </suite> <!-- Default suite -->
</testng-results>
